Using pre-set license
Built from '2020.2/release' branch; Version is '2020.2.2f1 (068178b99f32) revision 426360'; Using compiler version '192528614'; Build Type 'Release'
OS: 'Windows 10 Pro; OS build 19042.804; Version 2009; 64bit' Language: 'de' Physical Memory: 32694 MB
BatchMode: 1, IsHumanControllingUs: 0, StartBugReporterOnCrash: 0, Is64bit: 1, IsPro: 0

 COMMAND LINE ARGUMENTS:
C:\Program Files\Unity\Hub\Editor\2020.2.2f1\Editor\Unity.exe
-adb2
-batchMode
-noUpm
-name
AssetImportWorker0
-projectPath
C:/UnityProjekts/3DTrinkspiel
-logFile
Logs/AssetImportWorker0.log
-srvPort
57387
Successfully changed project path to: C:/UnityProjekts/3DTrinkspiel
C:/UnityProjekts/3DTrinkspiel
Using Asset Import Pipeline V2.
Refreshing native plugins compatible for Editor in 22.92 ms, found 0 plugins.
Preloading 0 native plugins for Editor in 0.00 ms.
Initialize engine version: 2020.2.2f1 (068178b99f32)
[Subsystems] Discovering subsystems at path C:/Program Files/Unity/Hub/Editor/2020.2.2f1/Editor/Data/Resources/UnitySubsystems
[Subsystems] Discovering subsystems at path C:/UnityProjekts/3DTrinkspiel/Assets
GfxDevice: creating device client; threaded=0
Direct3D:
    Version:  Direct3D 11.0 [level 11.1]
    Renderer: AMD Radeon R9 200 Series (ID=0x6810)
    Vendor:   
    VRAM:     2027 MB
    Driver:   27.20.14533.1000
Initialize mono
Mono path[0] = 'C:/Program Files/Unity/Hub/Editor/2020.2.2f1/Editor/Data/Managed'
Mono path[1] = 'C:/Program Files/Unity/Hub/Editor/2020.2.2f1/Editor/Data/MonoBleedingEdge/lib/mono/unityjit'
Mono config path = 'C:/Program Files/Unity/Hub/Editor/2020.2.2f1/Editor/Data/MonoBleedingEdge/etc'
Using monoOptions --debugger-agent=transport=dt_socket,embedding=1,server=y,suspend=n,address=127.0.0.1:56576
Begin MonoManager ReloadAssembly
Registering precompiled unity dll's ...
Register platform support module: C:/Program Files/Unity/Hub/Editor/2020.2.2f1/Editor/Data/PlaybackEngines/WindowsStandaloneSupport/UnityEditor.WindowsStandalone.Extensions.dll
Registered in 0.001502 seconds.
Native extension for WindowsStandalone target not found
Refreshing native plugins compatible for Editor in 23.48 ms, found 0 plugins.
Preloading 0 native plugins for Editor in 0.00 ms.
Invoked RoslynAnalysisRunner static constructor.
RoslynAnalysisRunner will not be running.
RoslynAnalysisRunner has terminated.
Mono: successfully reloaded assembly
- Completed reload, in  1.294 seconds
Platform modules already initialized, skipping
Registering precompiled user dll's ...
Registered in 0.000491 seconds.
Begin MonoManager ReloadAssembly
Native extension for WindowsStandalone target not found
Refreshing native plugins compatible for Editor in 0.31 ms, found 0 plugins.
Preloading 0 native plugins for Editor in 0.00 ms.
Invoked RoslynAnalysisRunner static constructor.
RoslynAnalysisRunner will not be running.
RoslynAnalysisRunner has terminated.
Mono: successfully reloaded assembly
- Completed reload, in  0.578 seconds
Platform modules already initialized, skipping
========================================================================
Worker process is ready to serve import requests
Launched and connected shader compiler UnityShaderCompiler.exe after 0.03 seconds
Refreshing native plugins compatible for Editor in 0.31 ms, found 0 plugins.
Preloading 0 native plugins for Editor in 0.00 ms.
Unloading 1166 Unused Serialized files (Serialized files now loaded: 0)
System memory in use before: 153.2 MB.
System memory in use after: 153.3 MB.

Unloading 8 unused Assets to reduce memory usage. Loaded Objects now: 1639.
Total: 1.598800 ms (FindLiveObjects: 0.199300 ms CreateObjectMapping: 0.039900 ms MarkObjects: 1.343900 ms  DeleteObjects: 0.014800 ms)

========================================================================
Received Import Request.
  path: Assets/scripts/Game/StaticGameParam.cs
  artifactKey: Guid(1399a726487061c4ebbbf11f2b9488f8) Importer(815301076,1909f56bfc062723c751e8b465ee728b)
Start importing Assets/scripts/Game/StaticGameParam.cs using Guid(1399a726487061c4ebbbf11f2b9488f8) Importer(815301076,1909f56bfc062723c751e8b465ee728b)  -> (artifact id: '7a1c045bc9d083c538ed17e7386232c5') in 0.013286 seconds
  Import took 0.014941 seconds .

========================================================================
Received Prepare
Registering precompiled user dll's ...
Registered in 0.000517 seconds.
Begin MonoManager ReloadAssembly
Native extension for WindowsStandalone target not found
Refreshing native plugins compatible for Editor in 0.31 ms, found 0 plugins.
Preloading 0 native plugins for Editor in 0.00 ms.
Invoked RoslynAnalysisRunner static constructor.
RoslynAnalysisRunner will not be running.
RoslynAnalysisRunner has terminated.
Mono: successfully reloaded assembly
- Completed reload, in  0.556 seconds
Platform modules already initialized, skipping
Switching build target platform(5) subTarget(0) extendedPlatform(0) -> platform(13) subTarget(589824) extendedPlatform(0)
Refreshing native plugins compatible for Editor in 0.30 ms, found 0 plugins.
Preloading 0 native plugins for Editor in 0.00 ms.
Unloading 1147 Unused Serialized files (Serialized files now loaded: 0)
System memory in use before: 151.2 MB.
System memory in use after: 151.3 MB.

Unloading 4 unused Assets to reduce memory usage. Loaded Objects now: 1641.
Total: 1.669100 ms (FindLiveObjects: 0.168700 ms CreateObjectMapping: 0.023600 ms MarkObjects: 1.461500 ms  DeleteObjects: 0.014100 ms)

AssetImportParameters requested are different than current active one (requested -> active):
  custom:graphics/normal-map-encoding: 01000000000000000000000000000000 -> 02000000000000000000000000000000
========================================================================
Received Prepare
Registering precompiled user dll's ...
Registered in 0.000497 seconds.
Begin MonoManager ReloadAssembly
Native extension for WindowsStandalone target not found
Refreshing native plugins compatible for Editor in 0.32 ms, found 0 plugins.
Preloading 0 native plugins for Editor in 0.00 ms.
Invoked RoslynAnalysisRunner static constructor.
RoslynAnalysisRunner will not be running.
RoslynAnalysisRunner has terminated.
Mono: successfully reloaded assembly
- Completed reload, in  0.562 seconds
Platform modules already initialized, skipping
Switching build target platform(5) subTarget(0) extendedPlatform(0) -> platform(13) subTarget(589824) extendedPlatform(0)
Refreshing native plugins compatible for Editor in 0.33 ms, found 0 plugins.
Preloading 0 native plugins for Editor in 0.00 ms.
Unloading 1147 Unused Serialized files (Serialized files now loaded: 0)
System memory in use before: 151.3 MB.
System memory in use after: 151.4 MB.

Unloading 4 unused Assets to reduce memory usage. Loaded Objects now: 1643.
Total: 1.531300 ms (FindLiveObjects: 0.190300 ms CreateObjectMapping: 0.030200 ms MarkObjects: 1.299700 ms  DeleteObjects: 0.010100 ms)

AssetImportParameters requested are different than current active one (requested -> active):
  custom:graphics/normal-map-encoding: 01000000000000000000000000000000 -> 02000000000000000000000000000000
========================================================================
Received Prepare
Registering precompiled user dll's ...
Registered in 0.000511 seconds.
Begin MonoManager ReloadAssembly
Native extension for WindowsStandalone target not found
Refreshing native plugins compatible for Editor in 0.32 ms, found 0 plugins.
Preloading 0 native plugins for Editor in 0.00 ms.
Invoked RoslynAnalysisRunner static constructor.
RoslynAnalysisRunner will not be running.
RoslynAnalysisRunner has terminated.
Mono: successfully reloaded assembly
- Completed reload, in  0.559 seconds
Platform modules already initialized, skipping
Switching build target platform(5) subTarget(0) extendedPlatform(0) -> platform(13) subTarget(589824) extendedPlatform(0)
Refreshing native plugins compatible for Editor in 0.30 ms, found 0 plugins.
Preloading 0 native plugins for Editor in 0.00 ms.
Unloading 1147 Unused Serialized files (Serialized files now loaded: 0)
System memory in use before: 151.5 MB.
System memory in use after: 151.6 MB.

Unloading 4 unused Assets to reduce memory usage. Loaded Objects now: 1645.
Total: 1.563400 ms (FindLiveObjects: 0.174600 ms CreateObjectMapping: 0.030200 ms MarkObjects: 1.347200 ms  DeleteObjects: 0.010800 ms)

AssetImportParameters requested are different than current active one (requested -> active):
  custom:graphics/normal-map-encoding: 01000000000000000000000000000000 -> 02000000000000000000000000000000
========================================================================
Received Import Request.
  Time since last request: 347.825425 seconds.
  path: Assets/scripts/Global/Loader.cs
  artifactKey: Guid(4350874401082e446a9c8b14668abc4a) Importer(815301076,1909f56bfc062723c751e8b465ee728b)
Start importing Assets/scripts/Global/Loader.cs using Guid(4350874401082e446a9c8b14668abc4a) Importer(815301076,1909f56bfc062723c751e8b465ee728b)  -> (artifact id: '4d312b55a0c7e0c953fe4c20713f6733') in 0.007912 seconds
  Import took 0.009933 seconds .

========================================================================
Received Prepare
Registering precompiled user dll's ...
Registered in 0.000536 seconds.
Begin MonoManager ReloadAssembly
Native extension for WindowsStandalone target not found
Refreshing native plugins compatible for Editor in 0.32 ms, found 0 plugins.
Preloading 0 native plugins for Editor in 0.00 ms.
Invoked RoslynAnalysisRunner static constructor.
RoslynAnalysisRunner will not be running.
RoslynAnalysisRunner has terminated.
Mono: successfully reloaded assembly
- Completed reload, in  0.572 seconds
Platform modules already initialized, skipping
Switching build target platform(5) subTarget(0) extendedPlatform(0) -> platform(13) subTarget(589824) extendedPlatform(0)
Refreshing native plugins compatible for Editor in 0.30 ms, found 0 plugins.
Preloading 0 native plugins for Editor in 0.00 ms.
Unloading 1147 Unused Serialized files (Serialized files now loaded: 0)
System memory in use before: 151.7 MB.
System memory in use after: 151.8 MB.

Unloading 4 unused Assets to reduce memory usage. Loaded Objects now: 1647.
Total: 1.527100 ms (FindLiveObjects: 0.184900 ms CreateObjectMapping: 0.028900 ms MarkObjects: 1.302000 ms  DeleteObjects: 0.010400 ms)

AssetImportParameters requested are different than current active one (requested -> active):
  custom:graphics/normal-map-encoding: 01000000000000000000000000000000 -> 02000000000000000000000000000000
========================================================================
Received Prepare
Registering precompiled user dll's ...
Registered in 0.000682 seconds.
Begin MonoManager ReloadAssembly
Native extension for WindowsStandalone target not found
Refreshing native plugins compatible for Editor in 0.32 ms, found 0 plugins.
Preloading 0 native plugins for Editor in 0.00 ms.
Invoked RoslynAnalysisRunner static constructor.
RoslynAnalysisRunner will not be running.
RoslynAnalysisRunner has terminated.
Mono: successfully reloaded assembly
- Completed reload, in  0.588 seconds
Platform modules already initialized, skipping
Switching build target platform(5) subTarget(0) extendedPlatform(0) -> platform(13) subTarget(589824) extendedPlatform(0)
Refreshing native plugins compatible for Editor in 0.30 ms, found 0 plugins.
Preloading 0 native plugins for Editor in 0.00 ms.
Unloading 1147 Unused Serialized files (Serialized files now loaded: 0)
System memory in use before: 151.8 MB.
System memory in use after: 151.9 MB.

Unloading 4 unused Assets to reduce memory usage. Loaded Objects now: 1649.
Total: 1.517800 ms (FindLiveObjects: 0.182400 ms CreateObjectMapping: 0.030400 ms MarkObjects: 1.294300 ms  DeleteObjects: 0.010000 ms)

AssetImportParameters requested are different than current active one (requested -> active):
  custom:graphics/normal-map-encoding: 01000000000000000000000000000000 -> 02000000000000000000000000000000
========================================================================
Received Prepare
Registering precompiled user dll's ...
Registered in 0.000632 seconds.
Begin MonoManager ReloadAssembly
Native extension for WindowsStandalone target not found
Refreshing native plugins compatible for Editor in 0.31 ms, found 0 plugins.
Preloading 0 native plugins for Editor in 0.00 ms.
Invoked RoslynAnalysisRunner static constructor.
RoslynAnalysisRunner will not be running.
RoslynAnalysisRunner has terminated.
Mono: successfully reloaded assembly
- Completed reload, in  0.571 seconds
Platform modules already initialized, skipping
Switching build target platform(5) subTarget(0) extendedPlatform(0) -> platform(13) subTarget(589824) extendedPlatform(0)
Refreshing native plugins compatible for Editor in 0.33 ms, found 0 plugins.
Preloading 0 native plugins for Editor in 0.00 ms.
Unloading 1147 Unused Serialized files (Serialized files now loaded: 0)
System memory in use before: 152.0 MB.
System memory in use after: 152.1 MB.

Unloading 4 unused Assets to reduce memory usage. Loaded Objects now: 1651.
Total: 1.475500 ms (FindLiveObjects: 0.172000 ms CreateObjectMapping: 0.025500 ms MarkObjects: 1.265600 ms  DeleteObjects: 0.011600 ms)

AssetImportParameters requested are different than current active one (requested -> active):
  custom:graphics/normal-map-encoding: 01000000000000000000000000000000 -> 02000000000000000000000000000000
========================================================================
Received Prepare
Registering precompiled user dll's ...
Registered in 0.000542 seconds.
Begin MonoManager ReloadAssembly
Native extension for WindowsStandalone target not found
Refreshing native plugins compatible for Editor in 0.31 ms, found 0 plugins.
Preloading 0 native plugins for Editor in 0.00 ms.
Invoked RoslynAnalysisRunner static constructor.
RoslynAnalysisRunner will not be running.
RoslynAnalysisRunner has terminated.
Mono: successfully reloaded assembly
- Completed reload, in  0.584 seconds
Platform modules already initialized, skipping
Switching build target platform(5) subTarget(0) extendedPlatform(0) -> platform(13) subTarget(589824) extendedPlatform(0)
Refreshing native plugins compatible for Editor in 0.31 ms, found 0 plugins.
Preloading 0 native plugins for Editor in 0.00 ms.
Unloading 1147 Unused Serialized files (Serialized files now loaded: 0)
System memory in use before: 152.2 MB.
System memory in use after: 152.3 MB.

Unloading 4 unused Assets to reduce memory usage. Loaded Objects now: 1653.
Total: 1.582900 ms (FindLiveObjects: 0.179900 ms CreateObjectMapping: 0.029500 ms MarkObjects: 1.360800 ms  DeleteObjects: 0.011400 ms)

AssetImportParameters requested are different than current active one (requested -> active):
  custom:graphics/normal-map-encoding: 01000000000000000000000000000000 -> 02000000000000000000000000000000
========================================================================
Received Prepare
Registering precompiled user dll's ...
Registered in 0.000583 seconds.
Begin MonoManager ReloadAssembly
Native extension for WindowsStandalone target not found
Refreshing native plugins compatible for Editor in 0.35 ms, found 0 plugins.
Preloading 0 native plugins for Editor in 0.00 ms.
Invoked RoslynAnalysisRunner static constructor.
RoslynAnalysisRunner will not be running.
RoslynAnalysisRunner has terminated.
Mono: successfully reloaded assembly
- Completed reload, in  0.630 seconds
Platform modules already initialized, skipping
Switching build target platform(5) subTarget(0) extendedPlatform(0) -> platform(13) subTarget(589824) extendedPlatform(0)
Refreshing native plugins compatible for Editor in 0.31 ms, found 0 plugins.
Preloading 0 native plugins for Editor in 0.00 ms.
Unloading 1147 Unused Serialized files (Serialized files now loaded: 0)
System memory in use before: 152.3 MB.
System memory in use after: 152.4 MB.

Unloading 4 unused Assets to reduce memory usage. Loaded Objects now: 1655.
Total: 1.500800 ms (FindLiveObjects: 0.184500 ms CreateObjectMapping: 0.027600 ms MarkObjects: 1.276500 ms  DeleteObjects: 0.011100 ms)

AssetImportParameters requested are different than current active one (requested -> active):
  custom:graphics/normal-map-encoding: 01000000000000000000000000000000 -> 02000000000000000000000000000000
========================================================================
Received Prepare
Registering precompiled user dll's ...
Registered in 0.000663 seconds.
Begin MonoManager ReloadAssembly
Native extension for WindowsStandalone target not found
Refreshing native plugins compatible for Editor in 0.39 ms, found 0 plugins.
Preloading 0 native plugins for Editor in 0.00 ms.
Invoked RoslynAnalysisRunner static constructor.
RoslynAnalysisRunner will not be running.
RoslynAnalysisRunner has terminated.
Mono: successfully reloaded assembly
- Completed reload, in  0.633 seconds
Platform modules already initialized, skipping
Switching build target platform(5) subTarget(0) extendedPlatform(0) -> platform(13) subTarget(589824) extendedPlatform(0)
Refreshing native plugins compatible for Editor in 0.48 ms, found 0 plugins.
Preloading 0 native plugins for Editor in 0.00 ms.
Unloading 1147 Unused Serialized files (Serialized files now loaded: 0)
System memory in use before: 152.4 MB.
System memory in use after: 152.5 MB.

Unloading 4 unused Assets to reduce memory usage. Loaded Objects now: 1657.
Total: 2.285800 ms (FindLiveObjects: 0.195500 ms CreateObjectMapping: 0.031400 ms MarkObjects: 2.042200 ms  DeleteObjects: 0.015500 ms)

AssetImportParameters requested are different than current active one (requested -> active):
  custom:graphics/normal-map-encoding: 01000000000000000000000000000000 -> 02000000000000000000000000000000
========================================================================
Received Prepare
Registering precompiled user dll's ...
Registered in 0.000631 seconds.
Begin MonoManager ReloadAssembly
Native extension for WindowsStandalone target not found
Refreshing native plugins compatible for Editor in 0.33 ms, found 0 plugins.
Preloading 0 native plugins for Editor in 0.00 ms.
Invoked RoslynAnalysisRunner static constructor.
RoslynAnalysisRunner will not be running.
RoslynAnalysisRunner has terminated.
Mono: successfully reloaded assembly
- Completed reload, in  0.634 seconds
Platform modules already initialized, skipping
Switching build target platform(5) subTarget(0) extendedPlatform(0) -> platform(13) subTarget(589824) extendedPlatform(0)
Refreshing native plugins compatible for Editor in 0.31 ms, found 0 plugins.
Preloading 0 native plugins for Editor in 0.00 ms.
Unloading 1147 Unused Serialized files (Serialized files now loaded: 0)
System memory in use before: 151.6 MB.
System memory in use after: 151.7 MB.

Unloading 4 unused Assets to reduce memory usage. Loaded Objects now: 1659.
Total: 2.101400 ms (FindLiveObjects: 0.303400 ms CreateObjectMapping: 0.045400 ms MarkObjects: 1.738100 ms  DeleteObjects: 0.013300 ms)

AssetImportParameters requested are different than current active one (requested -> active):
  custom:graphics/normal-map-encoding: 01000000000000000000000000000000 -> 02000000000000000000000000000000
========================================================================
Received Import Request.
  Time since last request: 1285.608431 seconds.
  path: Assets/Scenes/Pferderennen.unity
  artifactKey: Guid(a6f935e7d8e751a4584b7e03add0192f) Importer(815301076,1909f56bfc062723c751e8b465ee728b)
Start importing Assets/Scenes/Pferderennen.unity using Guid(a6f935e7d8e751a4584b7e03add0192f) Importer(815301076,1909f56bfc062723c751e8b465ee728b)  -> (artifact id: '796f03a7abf6e33a86fc321e1e1c334b') in 0.012901 seconds
  Import took 0.015051 seconds .

========================================================================
Received Import Request.
  Time since last request: 12.549687 seconds.
  path: Assets/Scenes/Map2.unity
  artifactKey: Guid(a5191b9a06ecf47428b1e6a92b289cac) Importer(815301076,1909f56bfc062723c751e8b465ee728b)
Start importing Assets/Scenes/Map2.unity using Guid(a5191b9a06ecf47428b1e6a92b289cac) Importer(815301076,1909f56bfc062723c751e8b465ee728b)  -> (artifact id: 'd7839004a18bba8f6095e73094bc8540') in 0.005867 seconds
  Import took 0.007851 seconds .

========================================================================
Received Prepare
Registering precompiled user dll's ...
Registered in 0.000507 seconds.
Begin MonoManager ReloadAssembly
Native extension for WindowsStandalone target not found
Refreshing native plugins compatible for Editor in 0.33 ms, found 0 plugins.
Preloading 0 native plugins for Editor in 0.00 ms.
Invoked RoslynAnalysisRunner static constructor.
RoslynAnalysisRunner will not be running.
RoslynAnalysisRunner has terminated.
Mono: successfully reloaded assembly
- Completed reload, in  0.595 seconds
Platform modules already initialized, skipping
Switching build target platform(5) subTarget(0) extendedPlatform(0) -> platform(13) subTarget(589824) extendedPlatform(0)
Refreshing native plugins compatible for Editor in 0.30 ms, found 0 plugins.
Preloading 0 native plugins for Editor in 0.00 ms.
Unloading 1147 Unused Serialized files (Serialized files now loaded: 0)
System memory in use before: 151.8 MB.
System memory in use after: 151.9 MB.

Unloading 4 unused Assets to reduce memory usage. Loaded Objects now: 1661.
Total: 1.477000 ms (FindLiveObjects: 0.183200 ms CreateObjectMapping: 0.030400 ms MarkObjects: 1.251800 ms  DeleteObjects: 0.010800 ms)

AssetImportParameters requested are different than current active one (requested -> active):
  custom:graphics/normal-map-encoding: 01000000000000000000000000000000 -> 02000000000000000000000000000000
========================================================================
Received Import Request.
  Time since last request: 258.140287 seconds.
  path: Assets/scripts/pferderennen/race.cs
  artifactKey: Guid(32c3e43142d6d484cb4203d6662f7c46) Importer(815301076,1909f56bfc062723c751e8b465ee728b)
Start importing Assets/scripts/pferderennen/race.cs using Guid(32c3e43142d6d484cb4203d6662f7c46) Importer(815301076,1909f56bfc062723c751e8b465ee728b)  -> (artifact id: '1d76d400b7ac9b9e491e48acba046942') in 0.007646 seconds
  Import took 0.009548 seconds .

========================================================================
Received Import Request.
  Time since last request: 0.015692 seconds.
  path: Assets/scripts/pferderennen/race.cs
  artifactKey: Guid(32c3e43142d6d484cb4203d6662f7c46) Importer(815301076,1909f56bfc062723c751e8b465ee728b)
Start importing Assets/scripts/pferderennen/race.cs using Guid(32c3e43142d6d484cb4203d6662f7c46) Importer(815301076,1909f56bfc062723c751e8b465ee728b)  -> (artifact id: '1d76d400b7ac9b9e491e48acba046942') in 0.001913 seconds
  Import took 0.003096 seconds .

========================================================================
Received Import Request.
  Time since last request: 1.005255 seconds.
  path: Assets/scripts/pferderennen/test.cs
  artifactKey: Guid(27552e33e4d451e4f9f5f09c868eebdd) Importer(815301076,1909f56bfc062723c751e8b465ee728b)
Start importing Assets/scripts/pferderennen/test.cs using Guid(27552e33e4d451e4f9f5f09c868eebdd) Importer(815301076,1909f56bfc062723c751e8b465ee728b)  -> (artifact id: 'a2175457e7c9a46f9e1336af06ebaa86') in 0.006361 seconds
  Import took 0.008498 seconds .

========================================================================
Received Import Request.
  Time since last request: 0.000332 seconds.
  path: Assets/scripts/pferderennen/test.cs
  artifactKey: Guid(27552e33e4d451e4f9f5f09c868eebdd) Importer(815301076,1909f56bfc062723c751e8b465ee728b)
Start importing Assets/scripts/pferderennen/test.cs using Guid(27552e33e4d451e4f9f5f09c868eebdd) Importer(815301076,1909f56bfc062723c751e8b465ee728b)  -> (artifact id: 'a2175457e7c9a46f9e1336af06ebaa86') in 0.002020 seconds
  Import took 0.003361 seconds .

========================================================================
Received Prepare
Registering precompiled user dll's ...
Registered in 0.000612 seconds.
Begin MonoManager ReloadAssembly
Native extension for WindowsStandalone target not found
Refreshing native plugins compatible for Editor in 0.33 ms, found 0 plugins.
Preloading 0 native plugins for Editor in 0.00 ms.
Invoked RoslynAnalysisRunner static constructor.
RoslynAnalysisRunner will not be running.
RoslynAnalysisRunner has terminated.
Mono: successfully reloaded assembly
- Completed reload, in  0.611 seconds
Platform modules already initialized, skipping
Switching build target platform(5) subTarget(0) extendedPlatform(0) -> platform(13) subTarget(589824) extendedPlatform(0)
Refreshing native plugins compatible for Editor in 0.31 ms, found 0 plugins.
Preloading 0 native plugins for Editor in 0.00 ms.
Unloading 1147 Unused Serialized files (Serialized files now loaded: 0)
System memory in use before: 152.0 MB.
System memory in use after: 152.1 MB.

Unloading 4 unused Assets to reduce memory usage. Loaded Objects now: 1663.
Total: 1.448100 ms (FindLiveObjects: 0.187700 ms CreateObjectMapping: 0.026700 ms MarkObjects: 1.221600 ms  DeleteObjects: 0.011400 ms)

AssetImportParameters requested are different than current active one (requested -> active):
  custom:graphics/normal-map-encoding: 01000000000000000000000000000000 -> 02000000000000000000000000000000
========================================================================
Received Import Request.
  Time since last request: 99.376441 seconds.
  path: Assets/scripts/pferderennen/race.cs
  artifactKey: Guid(32c3e43142d6d484cb4203d6662f7c46) Importer(815301076,1909f56bfc062723c751e8b465ee728b)
Start importing Assets/scripts/pferderennen/race.cs using Guid(32c3e43142d6d484cb4203d6662f7c46) Importer(815301076,1909f56bfc062723c751e8b465ee728b)  -> (artifact id: 'bcc5b7383a8a47778eebd39153c22840') in 0.004070 seconds
  Import took 0.006024 seconds .

========================================================================
Received Prepare
Registering precompiled user dll's ...
Registered in 0.000679 seconds.
Begin MonoManager ReloadAssembly
Native extension for WindowsStandalone target not found
Refreshing native plugins compatible for Editor in 0.32 ms, found 0 plugins.
Preloading 0 native plugins for Editor in 0.00 ms.
Invoked RoslynAnalysisRunner static constructor.
RoslynAnalysisRunner will not be running.
RoslynAnalysisRunner has terminated.
Mono: successfully reloaded assembly
- Completed reload, in  0.618 seconds
Platform modules already initialized, skipping
Switching build target platform(5) subTarget(0) extendedPlatform(0) -> platform(13) subTarget(589824) extendedPlatform(0)
Refreshing native plugins compatible for Editor in 0.30 ms, found 0 plugins.
Preloading 0 native plugins for Editor in 0.00 ms.
Unloading 1147 Unused Serialized files (Serialized files now loaded: 0)
System memory in use before: 152.1 MB.
System memory in use after: 152.2 MB.

Unloading 4 unused Assets to reduce memory usage. Loaded Objects now: 1665.
Total: 1.472500 ms (FindLiveObjects: 0.174800 ms CreateObjectMapping: 0.029500 ms MarkObjects: 1.257500 ms  DeleteObjects: 0.010000 ms)

AssetImportParameters requested are different than current active one (requested -> active):
  custom:graphics/normal-map-encoding: 01000000000000000000000000000000 -> 02000000000000000000000000000000
========================================================================
Received Prepare
Registering precompiled user dll's ...
Registered in 0.000667 seconds.
Begin MonoManager ReloadAssembly
Native extension for WindowsStandalone target not found
Refreshing native plugins compatible for Editor in 0.32 ms, found 0 plugins.
Preloading 0 native plugins for Editor in 0.00 ms.
Invoked RoslynAnalysisRunner static constructor.
RoslynAnalysisRunner will not be running.
RoslynAnalysisRunner has terminated.
Mono: successfully reloaded assembly
- Completed reload, in  0.621 seconds
Platform modules already initialized, skipping
Switching build target platform(5) subTarget(0) extendedPlatform(0) -> platform(13) subTarget(589824) extendedPlatform(0)
Refreshing native plugins compatible for Editor in 0.30 ms, found 0 plugins.
Preloading 0 native plugins for Editor in 0.00 ms.
Unloading 1147 Unused Serialized files (Serialized files now loaded: 0)
System memory in use before: 152.3 MB.
System memory in use after: 152.4 MB.

Unloading 4 unused Assets to reduce memory usage. Loaded Objects now: 1667.
Total: 1.581900 ms (FindLiveObjects: 0.177100 ms CreateObjectMapping: 0.029200 ms MarkObjects: 1.364400 ms  DeleteObjects: 0.010500 ms)

AssetImportParameters requested are different than current active one (requested -> active):
  custom:graphics/normal-map-encoding: 01000000000000000000000000000000 -> 02000000000000000000000000000000
========================================================================
Received Import Request.
  Time since last request: 394.015662 seconds.
  path: Assets/Scenes/Pferderennen.unity
  artifactKey: Guid(a6f935e7d8e751a4584b7e03add0192f) Importer(815301076,1909f56bfc062723c751e8b465ee728b)
Start importing Assets/Scenes/Pferderennen.unity using Guid(a6f935e7d8e751a4584b7e03add0192f) Importer(815301076,1909f56bfc062723c751e8b465ee728b)  -> (artifact id: 'e44ac55c7839eeb648eb01edc10fffb8') in 0.011002 seconds
  Import took 0.013058 seconds .

========================================================================
Received Prepare
Registering precompiled user dll's ...
Registered in 0.000521 seconds.
Begin MonoManager ReloadAssembly
Native extension for WindowsStandalone target not found
Refreshing native plugins compatible for Editor in 0.32 ms, found 0 plugins.
Preloading 0 native plugins for Editor in 0.00 ms.
Invoked RoslynAnalysisRunner static constructor.
RoslynAnalysisRunner will not be running.
RoslynAnalysisRunner has terminated.
Mono: successfully reloaded assembly
- Completed reload, in  0.633 seconds
Platform modules already initialized, skipping
Switching build target platform(5) subTarget(0) extendedPlatform(0) -> platform(13) subTarget(589824) extendedPlatform(0)
Refreshing native plugins compatible for Editor in 0.31 ms, found 0 plugins.
Preloading 0 native plugins for Editor in 0.00 ms.
Unloading 1147 Unused Serialized files (Serialized files now loaded: 0)
System memory in use before: 152.4 MB.
System memory in use after: 152.5 MB.

Unloading 4 unused Assets to reduce memory usage. Loaded Objects now: 1669.
Total: 1.481300 ms (FindLiveObjects: 0.169500 ms CreateObjectMapping: 0.028100 ms MarkObjects: 1.272900 ms  DeleteObjects: 0.010100 ms)

AssetImportParameters requested are different than current active one (requested -> active):
  custom:graphics/normal-map-encoding: 01000000000000000000000000000000 -> 02000000000000000000000000000000
========================================================================
Received Prepare
Registering precompiled user dll's ...
Registered in 0.000615 seconds.
Begin MonoManager ReloadAssembly
Native extension for WindowsStandalone target not found
Refreshing native plugins compatible for Editor in 0.33 ms, found 0 plugins.
Preloading 0 native plugins for Editor in 0.00 ms.
Invoked RoslynAnalysisRunner static constructor.
RoslynAnalysisRunner will not be running.
RoslynAnalysisRunner has terminated.
Mono: successfully reloaded assembly
- Completed reload, in  0.637 seconds
Platform modules already initialized, skipping
Switching build target platform(5) subTarget(0) extendedPlatform(0) -> platform(13) subTarget(589824) extendedPlatform(0)
Refreshing native plugins compatible for Editor in 0.31 ms, found 0 plugins.
Preloading 0 native plugins for Editor in 0.00 ms.
Unloading 1147 Unused Serialized files (Serialized files now loaded: 0)
System memory in use before: 152.5 MB.
System memory in use after: 152.6 MB.

Unloading 4 unused Assets to reduce memory usage. Loaded Objects now: 1671.
Total: 1.455900 ms (FindLiveObjects: 0.186300 ms CreateObjectMapping: 0.028000 ms MarkObjects: 1.230500 ms  DeleteObjects: 0.010100 ms)

AssetImportParameters requested are different than current active one (requested -> active):
  custom:graphics/normal-map-encoding: 01000000000000000000000000000000 -> 02000000000000000000000000000000
========================================================================
Received Import Request.
  Time since last request: 192.367928 seconds.
  path: Assets/Scenes/Pferderennen.unity
  artifactKey: Guid(a6f935e7d8e751a4584b7e03add0192f) Importer(815301076,1909f56bfc062723c751e8b465ee728b)
Start importing Assets/Scenes/Pferderennen.unity using Guid(a6f935e7d8e751a4584b7e03add0192f) Importer(815301076,1909f56bfc062723c751e8b465ee728b)  -> (artifact id: '507ebf4d5d845e73d90f830b4c54fbaf') in 0.009570 seconds
  Import took 0.011608 seconds .

========================================================================
Received Prepare
Registering precompiled user dll's ...
Registered in 0.000553 seconds.
Begin MonoManager ReloadAssembly
Native extension for WindowsStandalone target not found
Refreshing native plugins compatible for Editor in 0.35 ms, found 0 plugins.
Preloading 0 native plugins for Editor in 0.00 ms.
Invoked RoslynAnalysisRunner static constructor.
RoslynAnalysisRunner will not be running.
RoslynAnalysisRunner has terminated.
Mono: successfully reloaded assembly
- Completed reload, in  0.628 seconds
Platform modules already initialized, skipping
Switching build target platform(5) subTarget(0) extendedPlatform(0) -> platform(13) subTarget(589824) extendedPlatform(0)
Refreshing native plugins compatible for Editor in 0.31 ms, found 0 plugins.
Preloading 0 native plugins for Editor in 0.00 ms.
Unloading 1147 Unused Serialized files (Serialized files now loaded: 0)
System memory in use before: 151.8 MB.
System memory in use after: 151.9 MB.

Unloading 4 unused Assets to reduce memory usage. Loaded Objects now: 1673.
Total: 1.564700 ms (FindLiveObjects: 0.167400 ms CreateObjectMapping: 0.028700 ms MarkObjects: 1.356600 ms  DeleteObjects: 0.011100 ms)

AssetImportParameters requested are different than current active one (requested -> active):
  custom:graphics/normal-map-encoding: 01000000000000000000000000000000 -> 02000000000000000000000000000000
========================================================================
Received Prepare
Registering precompiled user dll's ...
Registered in 0.000731 seconds.
Begin MonoManager ReloadAssembly
Native extension for WindowsStandalone target not found
Refreshing native plugins compatible for Editor in 0.35 ms, found 0 plugins.
Preloading 0 native plugins for Editor in 0.00 ms.
Invoked RoslynAnalysisRunner static constructor.
RoslynAnalysisRunner will not be running.
RoslynAnalysisRunner has terminated.
Mono: successfully reloaded assembly
- Completed reload, in  0.690 seconds
Platform modules already initialized, skipping
Switching build target platform(5) subTarget(0) extendedPlatform(0) -> platform(13) subTarget(589824) extendedPlatform(0)
Refreshing native plugins compatible for Editor in 0.32 ms, found 0 plugins.
Preloading 0 native plugins for Editor in 0.00 ms.
Unloading 1147 Unused Serialized files (Serialized files now loaded: 0)
System memory in use before: 151.9 MB.
System memory in use after: 152.0 MB.

Unloading 4 unused Assets to reduce memory usage. Loaded Objects now: 1675.
Total: 1.728000 ms (FindLiveObjects: 0.197000 ms CreateObjectMapping: 0.028800 ms MarkObjects: 1.486100 ms  DeleteObjects: 0.015200 ms)

AssetImportParameters requested are different than current active one (requested -> active):
  custom:graphics/normal-map-encoding: 01000000000000000000000000000000 -> 02000000000000000000000000000000
========================================================================
Received Import Request.
  Time since last request: 371.184727 seconds.
  path: Assets/scripts/Game/movement.cs
  artifactKey: Guid(ef85f3d5cb1666345b4dda5864cd1af4) Importer(815301076,1909f56bfc062723c751e8b465ee728b)
Start importing Assets/scripts/Game/movement.cs using Guid(ef85f3d5cb1666345b4dda5864cd1af4) Importer(815301076,1909f56bfc062723c751e8b465ee728b)  -> (artifact id: '3082a41d18b1b2f4be62729ef29bcc3f') in 0.008255 seconds
  Import took 0.010349 seconds .

========================================================================
Received Import Request.
  Time since last request: 8.529227 seconds.
  path: Assets/scripts/Game/newDiceRoll.cs
  artifactKey: Guid(f76e9c52ad498af4e9206b70c6674f4e) Importer(815301076,1909f56bfc062723c751e8b465ee728b)
Start importing Assets/scripts/Game/newDiceRoll.cs using Guid(f76e9c52ad498af4e9206b70c6674f4e) Importer(815301076,1909f56bfc062723c751e8b465ee728b)  -> (artifact id: '6530a3b0db76d5eb38e52d894dc78ecd') in 0.005620 seconds
  Import took 0.007617 seconds .

========================================================================
Received Prepare
Registering precompiled user dll's ...
Registered in 0.000515 seconds.
Begin MonoManager ReloadAssembly
Native extension for WindowsStandalone target not found
Refreshing native plugins compatible for Editor in 0.43 ms, found 0 plugins.
Preloading 0 native plugins for Editor in 0.00 ms.
Invoked RoslynAnalysisRunner static constructor.
RoslynAnalysisRunner will not be running.
RoslynAnalysisRunner has terminated.
Mono: successfully reloaded assembly
- Completed reload, in  0.694 seconds
Platform modules already initialized, skipping
Switching build target platform(5) subTarget(0) extendedPlatform(0) -> platform(13) subTarget(589824) extendedPlatform(0)
Refreshing native plugins compatible for Editor in 0.68 ms, found 0 plugins.
Preloading 0 native plugins for Editor in 0.00 ms.
Unloading 1147 Unused Serialized files (Serialized files now loaded: 0)
System memory in use before: 152.1 MB.
System memory in use after: 152.2 MB.

Unloading 4 unused Assets to reduce memory usage. Loaded Objects now: 1677.
Total: 1.610700 ms (FindLiveObjects: 0.250000 ms CreateObjectMapping: 0.031200 ms MarkObjects: 1.317100 ms  DeleteObjects: 0.011100 ms)

AssetImportParameters requested are different than current active one (requested -> active):
  custom:graphics/normal-map-encoding: 01000000000000000000000000000000 -> 02000000000000000000000000000000
========================================================================
Received Prepare
Registering precompiled user dll's ...
Registered in 0.000537 seconds.
Begin MonoManager ReloadAssembly
Native extension for WindowsStandalone target not found
Refreshing native plugins compatible for Editor in 0.32 ms, found 0 plugins.
Preloading 0 native plugins for Editor in 0.00 ms.
Invoked RoslynAnalysisRunner static constructor.
RoslynAnalysisRunner will not be running.
RoslynAnalysisRunner has terminated.
Mono: successfully reloaded assembly
- Completed reload, in  0.696 seconds
Platform modules already initialized, skipping
Switching build target platform(5) subTarget(0) extendedPlatform(0) -> platform(13) subTarget(589824) extendedPlatform(0)
Refreshing native plugins compatible for Editor in 0.33 ms, found 0 plugins.
Preloading 0 native plugins for Editor in 0.00 ms.
Unloading 1147 Unused Serialized files (Serialized files now loaded: 0)
System memory in use before: 152.2 MB.
System memory in use after: 152.3 MB.

Unloading 4 unused Assets to reduce memory usage. Loaded Objects now: 1679.
Total: 1.579500 ms (FindLiveObjects: 0.196000 ms CreateObjectMapping: 0.031700 ms MarkObjects: 1.340200 ms  DeleteObjects: 0.010600 ms)

AssetImportParameters requested are different than current active one (requested -> active):
  custom:graphics/normal-map-encoding: 01000000000000000000000000000000 -> 02000000000000000000000000000000
========================================================================
Received Prepare
Registering precompiled user dll's ...
Registered in 0.000523 seconds.
Begin MonoManager ReloadAssembly
Native extension for WindowsStandalone target not found
Refreshing native plugins compatible for Editor in 0.33 ms, found 0 plugins.
Preloading 0 native plugins for Editor in 0.00 ms.
Invoked RoslynAnalysisRunner static constructor.
RoslynAnalysisRunner will not be running.
RoslynAnalysisRunner has terminated.
Mono: successfully reloaded assembly
- Completed reload, in  0.650 seconds
Platform modules already initialized, skipping
Switching build target platform(5) subTarget(0) extendedPlatform(0) -> platform(13) subTarget(589824) extendedPlatform(0)
Refreshing native plugins compatible for Editor in 0.31 ms, found 0 plugins.
Preloading 0 native plugins for Editor in 0.00 ms.
Unloading 1147 Unused Serialized files (Serialized files now loaded: 0)
System memory in use before: 152.4 MB.
System memory in use after: 152.5 MB.

Unloading 4 unused Assets to reduce memory usage. Loaded Objects now: 1681.
Total: 1.594300 ms (FindLiveObjects: 0.177200 ms CreateObjectMapping: 0.029600 ms MarkObjects: 1.375100 ms  DeleteObjects: 0.011300 ms)

AssetImportParameters requested are different than current active one (requested -> active):
  custom:graphics/normal-map-encoding: 01000000000000000000000000000000 -> 02000000000000000000000000000000
========================================================================
Received Prepare
Refreshing native plugins compatible for Editor in 0.73 ms, found 0 plugins.
Preloading 0 native plugins for Editor in 0.00 ms.
Unloading 2 Unused Serialized files (Serialized files now loaded: 0)
System memory in use before: 130.7 MB.
System memory in use after: 130.8 MB.

Unloading 2 unused Assets to reduce memory usage. Loaded Objects now: 1681.
Total: 1.621800 ms (FindLiveObjects: 0.258000 ms CreateObjectMapping: 0.036900 ms MarkObjects: 1.316900 ms  DeleteObjects: 0.009300 ms)

========================================================================
Received Import Request.
  Time since last request: 267.064815 seconds.
  path: Assets/scripts/Game/ThrowDice.cs
  artifactKey: Guid(9611fb12949e10d4db040611bb02ebf6) Importer(815301076,1909f56bfc062723c751e8b465ee728b)
Start importing Assets/scripts/Game/ThrowDice.cs using Guid(9611fb12949e10d4db040611bb02ebf6) Importer(815301076,1909f56bfc062723c751e8b465ee728b)  -> (artifact id: '865690be672c0cdd185d0cea465ac5c5') in 0.003312 seconds
  Import took 0.005362 seconds .

========================================================================
Received Import Request.
  Time since last request: 0.022353 seconds.
  path: Assets/scripts/Game/ThrowDice.cs
  artifactKey: Guid(9611fb12949e10d4db040611bb02ebf6) Importer(815301076,1909f56bfc062723c751e8b465ee728b)
Start importing Assets/scripts/Game/ThrowDice.cs using Guid(9611fb12949e10d4db040611bb02ebf6) Importer(815301076,1909f56bfc062723c751e8b465ee728b)  -> (artifact id: '865690be672c0cdd185d0cea465ac5c5') in 0.002468 seconds
  Import took 0.003922 seconds .

========================================================================
Received Import Request.
  Time since last request: 62.158810 seconds.
  path: Assets/scripts/Game/ThrowDice.cs
  artifactKey: Guid(9611fb12949e10d4db040611bb02ebf6) Importer(815301076,1909f56bfc062723c751e8b465ee728b)
Start importing Assets/scripts/Game/ThrowDice.cs using Guid(9611fb12949e10d4db040611bb02ebf6) Importer(815301076,1909f56bfc062723c751e8b465ee728b)  -> (artifact id: '444f3643c5c8fb3298a387ccfb9ea55a') in 0.002314 seconds
  Import took 0.004120 seconds .

========================================================================
Received Import Request.
  Time since last request: 0.907919 seconds.
  path: Assets/scripts/Game/AufgabenGenerator.cs
  artifactKey: Guid(29a8b2286c3dc444e912f1ce95045d6b) Importer(815301076,1909f56bfc062723c751e8b465ee728b)
Start importing Assets/scripts/Game/AufgabenGenerator.cs using Guid(29a8b2286c3dc444e912f1ce95045d6b) Importer(815301076,1909f56bfc062723c751e8b465ee728b)  -> (artifact id: 'fcaf14f905c5824d04929f5434303a23') in 0.006492 seconds
  Import took 0.008735 seconds .

========================================================================
Received Prepare
Registering precompiled user dll's ...
Registered in 0.000653 seconds.
Begin MonoManager ReloadAssembly
Native extension for WindowsStandalone target not found
Refreshing native plugins compatible for Editor in 0.32 ms, found 0 plugins.
Preloading 0 native plugins for Editor in 0.00 ms.
Invoked RoslynAnalysisRunner static constructor.
RoslynAnalysisRunner will not be running.
RoslynAnalysisRunner has terminated.
Mono: successfully reloaded assembly
- Completed reload, in  0.673 seconds
Platform modules already initialized, skipping
Switching build target platform(5) subTarget(0) extendedPlatform(0) -> platform(13) subTarget(589824) extendedPlatform(0)
Refreshing native plugins compatible for Editor in 0.33 ms, found 0 plugins.
Preloading 0 native plugins for Editor in 0.00 ms.
Unloading 1147 Unused Serialized files (Serialized files now loaded: 0)
System memory in use before: 152.2 MB.
System memory in use after: 152.3 MB.

Unloading 4 unused Assets to reduce memory usage. Loaded Objects now: 1683.
Total: 1.481800 ms (FindLiveObjects: 0.178700 ms CreateObjectMapping: 0.028800 ms MarkObjects: 1.264000 ms  DeleteObjects: 0.009700 ms)

AssetImportParameters requested are different than current active one (requested -> active):
  custom:graphics/normal-map-encoding: 01000000000000000000000000000000 -> 02000000000000000000000000000000
========================================================================
Received Prepare
Registering precompiled user dll's ...
Registered in 0.000646 seconds.
Begin MonoManager ReloadAssembly
Native extension for WindowsStandalone target not found
Refreshing native plugins compatible for Editor in 0.32 ms, found 0 plugins.
Preloading 0 native plugins for Editor in 0.00 ms.
Invoked RoslynAnalysisRunner static constructor.
RoslynAnalysisRunner will not be running.
RoslynAnalysisRunner has terminated.
Mono: successfully reloaded assembly
- Completed reload, in  0.671 seconds
Platform modules already initialized, skipping
Switching build target platform(5) subTarget(0) extendedPlatform(0) -> platform(13) subTarget(589824) extendedPlatform(0)
Refreshing native plugins compatible for Editor in 0.31 ms, found 0 plugins.
Preloading 0 native plugins for Editor in 0.00 ms.
Unloading 1147 Unused Serialized files (Serialized files now loaded: 0)
System memory in use before: 152.4 MB.
System memory in use after: 152.5 MB.

Unloading 4 unused Assets to reduce memory usage. Loaded Objects now: 1685.
Total: 1.615000 ms (FindLiveObjects: 0.188300 ms CreateObjectMapping: 0.028600 ms MarkObjects: 1.386300 ms  DeleteObjects: 0.011100 ms)

AssetImportParameters requested are different than current active one (requested -> active):
  custom:graphics/normal-map-encoding: 01000000000000000000000000000000 -> 02000000000000000000000000000000
========================================================================
Received Prepare
Registering precompiled user dll's ...
Registered in 0.000524 seconds.
Begin MonoManager ReloadAssembly
Native extension for WindowsStandalone target not found
Refreshing native plugins compatible for Editor in 0.33 ms, found 0 plugins.
Preloading 0 native plugins for Editor in 0.00 ms.
Invoked RoslynAnalysisRunner static constructor.
RoslynAnalysisRunner will not be running.
RoslynAnalysisRunner has terminated.
Mono: successfully reloaded assembly
- Completed reload, in  0.704 seconds
Platform modules already initialized, skipping
Switching build target platform(5) subTarget(0) extendedPlatform(0) -> platform(13) subTarget(589824) extendedPlatform(0)
Refreshing native plugins compatible for Editor in 0.32 ms, found 0 plugins.
Preloading 0 native plugins for Editor in 0.00 ms.
Unloading 1147 Unused Serialized files (Serialized files now loaded: 0)
System memory in use before: 152.5 MB.
System memory in use after: 152.6 MB.

Unloading 4 unused Assets to reduce memory usage. Loaded Objects now: 1687.
Total: 1.574300 ms (FindLiveObjects: 0.199300 ms CreateObjectMapping: 0.030600 ms MarkObjects: 1.332100 ms  DeleteObjects: 0.011400 ms)

AssetImportParameters requested are different than current active one (requested -> active):
  custom:graphics/normal-map-encoding: 01000000000000000000000000000000 -> 02000000000000000000000000000000
========================================================================
Received Import Request.
  Time since last request: 386.645553 seconds.
  path: Assets/scripts/Global/maps.cs
  artifactKey: Guid(ac39e3422fcb9324eabf431107eab6d9) Importer(815301076,1909f56bfc062723c751e8b465ee728b)
Start importing Assets/scripts/Global/maps.cs using Guid(ac39e3422fcb9324eabf431107eab6d9) Importer(815301076,1909f56bfc062723c751e8b465ee728b)  -> (artifact id: '5bfec5acd417e2058ecbd37cc9c7b2c5') in 0.008157 seconds
  Import took 0.010401 seconds .

========================================================================
Received Prepare
Registering precompiled user dll's ...
Registered in 0.000698 seconds.
Begin MonoManager ReloadAssembly
Native extension for WindowsStandalone target not found
Refreshing native plugins compatible for Editor in 0.31 ms, found 0 plugins.
Preloading 0 native plugins for Editor in 0.00 ms.
Invoked RoslynAnalysisRunner static constructor.
RoslynAnalysisRunner will not be running.
RoslynAnalysisRunner has terminated.
Mono: successfully reloaded assembly
- Completed reload, in  0.671 seconds
Platform modules already initialized, skipping
Switching build target platform(5) subTarget(0) extendedPlatform(0) -> platform(13) subTarget(589824) extendedPlatform(0)
Refreshing native plugins compatible for Editor in 0.31 ms, found 0 plugins.
Preloading 0 native plugins for Editor in 0.00 ms.
Unloading 1147 Unused Serialized files (Serialized files now loaded: 0)
System memory in use before: 151.7 MB.
System memory in use after: 151.8 MB.

Unloading 4 unused Assets to reduce memory usage. Loaded Objects now: 1689.
Total: 1.489400 ms (FindLiveObjects: 0.194100 ms CreateObjectMapping: 0.030500 ms MarkObjects: 1.253800 ms  DeleteObjects: 0.010400 ms)

AssetImportParameters requested are different than current active one (requested -> active):
  custom:graphics/normal-map-encoding: 01000000000000000000000000000000 -> 02000000000000000000000000000000
========================================================================
Received Import Request.
  Time since last request: 764.446063 seconds.
  path: Assets/scripts/Game/StaticGameParam.cs
  artifactKey: Guid(1399a726487061c4ebbbf11f2b9488f8) Importer(815301076,1909f56bfc062723c751e8b465ee728b)
Start importing Assets/scripts/Game/StaticGameParam.cs using Guid(1399a726487061c4ebbbf11f2b9488f8) Importer(815301076,1909f56bfc062723c751e8b465ee728b)  -> (artifact id: '0485774409210a51c4a6c346a52ca8ca') in 0.004588 seconds
  Import took 0.006531 seconds .

========================================================================
Received Prepare
Registering precompiled user dll's ...
Registered in 0.000530 seconds.
Begin MonoManager ReloadAssembly
Native extension for WindowsStandalone target not found
Refreshing native plugins compatible for Editor in 0.32 ms, found 0 plugins.
Preloading 0 native plugins for Editor in 0.00 ms.
Invoked RoslynAnalysisRunner static constructor.
RoslynAnalysisRunner will not be running.
RoslynAnalysisRunner has terminated.
Mono: successfully reloaded assembly
- Completed reload, in  0.681 seconds
Platform modules already initialized, skipping
Switching build target platform(5) subTarget(0) extendedPlatform(0) -> platform(13) subTarget(589824) extendedPlatform(0)
Refreshing native plugins compatible for Editor in 0.31 ms, found 0 plugins.
Preloading 0 native plugins for Editor in 0.00 ms.
Unloading 1147 Unused Serialized files (Serialized files now loaded: 0)
System memory in use before: 151.9 MB.
System memory in use after: 152.0 MB.

Unloading 4 unused Assets to reduce memory usage. Loaded Objects now: 1691.
Total: 1.460700 ms (FindLiveObjects: 0.180100 ms CreateObjectMapping: 0.029700 ms MarkObjects: 1.240500 ms  DeleteObjects: 0.009700 ms)

AssetImportParameters requested are different than current active one (requested -> active):
  custom:graphics/normal-map-encoding: 01000000000000000000000000000000 -> 02000000000000000000000000000000
========================================================================
Received Import Request.
  Time since last request: 51.665301 seconds.
  path: Assets/scripts/Game/StaticGameParam.cs
  artifactKey: Guid(1399a726487061c4ebbbf11f2b9488f8) Importer(815301076,1909f56bfc062723c751e8b465ee728b)
Start importing Assets/scripts/Game/StaticGameParam.cs using Guid(1399a726487061c4ebbbf11f2b9488f8) Importer(815301076,1909f56bfc062723c751e8b465ee728b)  -> (artifact id: '0efa6b316cc463d420b062652c302592') in 0.004353 seconds
  Import took 0.006299 seconds .

========================================================================
Received Prepare
Registering precompiled user dll's ...
Registered in 0.000533 seconds.
Begin MonoManager ReloadAssembly
Native extension for WindowsStandalone target not found
Refreshing native plugins compatible for Editor in 0.33 ms, found 0 plugins.
Preloading 0 native plugins for Editor in 0.00 ms.
Invoked RoslynAnalysisRunner static constructor.
RoslynAnalysisRunner will not be running.
RoslynAnalysisRunner has terminated.
Mono: successfully reloaded assembly
- Completed reload, in  0.733 seconds
Platform modules already initialized, skipping
Switching build target platform(5) subTarget(0) extendedPlatform(0) -> platform(13) subTarget(589824) extendedPlatform(0)
Refreshing native plugins compatible for Editor in 0.31 ms, found 0 plugins.
Preloading 0 native plugins for Editor in 0.00 ms.
Unloading 1147 Unused Serialized files (Serialized files now loaded: 0)
System memory in use before: 152.0 MB.
System memory in use after: 152.1 MB.

Unloading 4 unused Assets to reduce memory usage. Loaded Objects now: 1693.
Total: 1.574400 ms (FindLiveObjects: 0.188800 ms CreateObjectMapping: 0.027600 ms MarkObjects: 1.345400 ms  DeleteObjects: 0.011400 ms)

AssetImportParameters requested are different than current active one (requested -> active):
  custom:graphics/normal-map-encoding: 01000000000000000000000000000000 -> 02000000000000000000000000000000
========================================================================
Received Prepare
Registering precompiled user dll's ...
Registered in 0.000599 seconds.
Begin MonoManager ReloadAssembly
Native extension for WindowsStandalone target not found
Refreshing native plugins compatible for Editor in 0.33 ms, found 0 plugins.
Preloading 0 native plugins for Editor in 0.00 ms.
Invoked RoslynAnalysisRunner static constructor.
RoslynAnalysisRunner will not be running.
RoslynAnalysisRunner has terminated.
Mono: successfully reloaded assembly
- Completed reload, in  0.738 seconds
Platform modules already initialized, skipping
Switching build target platform(5) subTarget(0) extendedPlatform(0) -> platform(13) subTarget(589824) extendedPlatform(0)
Refreshing native plugins compatible for Editor in 0.32 ms, found 0 plugins.
Preloading 0 native plugins for Editor in 0.00 ms.
Unloading 1147 Unused Serialized files (Serialized files now loaded: 0)
System memory in use before: 152.2 MB.
System memory in use after: 152.3 MB.

Unloading 4 unused Assets to reduce memory usage. Loaded Objects now: 1695.
Total: 1.470700 ms (FindLiveObjects: 0.185800 ms CreateObjectMapping: 0.028400 ms MarkObjects: 1.247100 ms  DeleteObjects: 0.008700 ms)

AssetImportParameters requested are different than current active one (requested -> active):
  custom:graphics/normal-map-encoding: 01000000000000000000000000000000 -> 02000000000000000000000000000000
========================================================================
Received Prepare
Registering precompiled user dll's ...
Registered in 0.000562 seconds.
Begin MonoManager ReloadAssembly
Native extension for WindowsStandalone target not found
Refreshing native plugins compatible for Editor in 0.33 ms, found 0 plugins.
Preloading 0 native plugins for Editor in 0.00 ms.
Invoked RoslynAnalysisRunner static constructor.
RoslynAnalysisRunner will not be running.
RoslynAnalysisRunner has terminated.
Mono: successfully reloaded assembly
- Completed reload, in  0.728 seconds
Platform modules already initialized, skipping
Switching build target platform(5) subTarget(0) extendedPlatform(0) -> platform(13) subTarget(589824) extendedPlatform(0)
Refreshing native plugins compatible for Editor in 0.33 ms, found 0 plugins.
Preloading 0 native plugins for Editor in 0.00 ms.
Unloading 1147 Unused Serialized files (Serialized files now loaded: 0)
System memory in use before: 152.3 MB.
System memory in use after: 152.5 MB.

Unloading 4 unused Assets to reduce memory usage. Loaded Objects now: 1697.
Total: 1.509500 ms (FindLiveObjects: 0.177500 ms CreateObjectMapping: 0.029700 ms MarkObjects: 1.289300 ms  DeleteObjects: 0.011900 ms)

AssetImportParameters requested are different than current active one (requested -> active):
  custom:graphics/normal-map-encoding: 01000000000000000000000000000000 -> 02000000000000000000000000000000
========================================================================
Received Prepare
Refreshing native plugins compatible for Editor in 1.12 ms, found 0 plugins.
Preloading 0 native plugins for Editor in 0.00 ms.
Unloading 2 Unused Serialized files (Serialized files now loaded: 0)
System memory in use before: 130.7 MB.
System memory in use after: 130.9 MB.

Unloading 2 unused Assets to reduce memory usage. Loaded Objects now: 1697.
Total: 1.968000 ms (FindLiveObjects: 0.255800 ms CreateObjectMapping: 0.031300 ms MarkObjects: 1.667900 ms  DeleteObjects: 0.012000 ms)

AssetImportWorkerClient::OnTransportError - code=2 error=End of file
